[[1;34mINFO[m] Scanning for projects...
[[1;34mINFO[m] 
[[1;34mINFO[m] [1m------------------------< [0;36mcom.tuyenshop:server[0;1m >------------------------[m
[[1;34mINFO[m] [1mBuilding server 0.0.1-SNAPSHOT[m
[[1;34mINFO[m] [1m--------------------------------[ jar ]---------------------------------[m
[[1;34mINFO[m] 
[[1;34mINFO[m] [1m--- [0;32mmaven-clean-plugin:3.3.2:clean[m [1m(default-clean)[m @ [36mserver[0;1m ---[m
[[1;34mINFO[m] Deleting /home/lovanky/Projects/mobileshop/server/target
[[1;34mINFO[m] 
[[1;34mINFO[m] [1m--- [0;32mmaven-resources-plugin:3.3.1:resources[m [1m(default-resources)[m @ [36mserver[0;1m ---[m
[[1;34mINFO[m] Copying 1 resource from src/main/resources to target/classes
[[1;34mINFO[m] Copying 0 resource from src/main/resources to target/classes
[[1;34mINFO[m] 
[[1;34mINFO[m] [1m--- [0;32mmaven-compiler-plugin:3.13.0:compile[m [1m(default-compile)[m @ [36mserver[0;1m ---[m
[[1;34mINFO[m] Recompiling the module because of [1mchanged source code[m.
[[1;34mINFO[m] Compiling 91 source files with javac [debug parameters release 21] to target/classes
[[1;34mINFO[m] -------------------------------------------------------------
[[1;31mERROR[m] COMPILATION ERROR : 
[[1;34mINFO[m] -------------------------------------------------------------
[[1;31mERROR[m] /home/lovanky/Projects/mobileshop/server/src/main/java/com/tuyenshop/service/ProductService.java:[35,54] variable brandRepository is already defined in class com.tuyenshop.service.ProductService
[[1;31mERROR[m] /home/lovanky/Projects/mobileshop/server/src/main/java/com/tuyenshop/service/ProductService.java:[38,57] variable categoryRepository is already defined in class com.tuyenshop.service.ProductService
[[1;31mERROR[m] /home/lovanky/Projects/mobileshop/server/src/main/java/com/tuyenshop/service/ProductVariantService.java:[31,56] variable productRepository is already defined in class com.tuyenshop.service.ProductVariantService
[[1;31mERROR[m] /home/lovanky/Projects/mobileshop/server/src/main/java/com/tuyenshop/service/ProductVariantService.java:[34,54] variable colorRepository is already defined in class com.tuyenshop.service.ProductVariantService
[[1;31mERROR[m] /home/lovanky/Projects/mobileshop/server/src/main/java/com/tuyenshop/service/ProductVariantService.java:[37,63] variable versionRepository is already defined in class com.tuyenshop.service.ProductVariantService
[[1;31mERROR[m] /home/lovanky/Projects/mobileshop/server/src/main/java/com/tuyenshop/config/AppInitializer.java:[54,18] cannot find symbol
  symbol:   method setUsername(java.lang.String)
  location: variable admin of type com.tuyenshop.model.User
[[1;31mERROR[m] /home/lovanky/Projects/mobileshop/server/src/main/java/com/tuyenshop/config/AppInitializer.java:[55,18] cannot find symbol
  symbol:   method setPassword(java.lang.String)
  location: variable admin of type com.tuyenshop.model.User
[[1;31mERROR[m] /home/lovanky/Projects/mobileshop/server/src/main/java/com/tuyenshop/config/AppInitializer.java:[56,18] cannot find symbol
  symbol:   method setEmail(java.lang.String)
  location: variable admin of type com.tuyenshop.model.User
[[1;31mERROR[m] /home/lovanky/Projects/mobileshop/server/src/main/java/com/tuyenshop/config/AppInitializer.java:[60,18] cannot find symbol
  symbol:   method setRoles(java.util.Set<com.tuyenshop.model.Role>)
  location: variable admin of type com.tuyenshop.model.User
[[1;31mERROR[m] /home/lovanky/Projects/mobileshop/server/src/main/java/com/tuyenshop/config/AppInitializer.java:[71,25] cannot find symbol
  symbol:   method setName(java.lang.String)
  location: variable perm of type com.tuyenshop.model.Permission
[[1;31mERROR[m] /home/lovanky/Projects/mobileshop/server/src/main/java/com/tuyenshop/config/AppInitializer.java:[72,25] cannot find symbol
  symbol:   method setDescription(java.lang.String)
  location: variable perm of type com.tuyenshop.model.Permission
[[1;31mERROR[m] /home/lovanky/Projects/mobileshop/server/src/main/java/com/tuyenshop/config/AppInitializer.java:[81,25] cannot find symbol
  symbol:   method setName(java.lang.String)
  location: variable role of type com.tuyenshop.model.Role
[[1;31mERROR[m] /home/lovanky/Projects/mobileshop/server/src/main/java/com/tuyenshop/config/AppInitializer.java:[82,25] cannot find symbol
  symbol:   method setDescription(java.lang.String)
  location: variable role of type com.tuyenshop.model.Role
[[1;31mERROR[m] /home/lovanky/Projects/mobileshop/server/src/main/java/com/tuyenshop/config/AppInitializer.java:[83,25] cannot find symbol
  symbol:   method setPermissions(java.util.Set<com.tuyenshop.model.Permission>)
  location: variable role of type com.tuyenshop.model.Role
[[1;31mERROR[m] /home/lovanky/Projects/mobileshop/server/src/main/java/com/tuyenshop/controller/AuthController.java:[57,69] cannot find symbol
  symbol:   method getUsername()
  location: variable loginRequest of type @jakarta.validation.Valid com.tuyenshop.payload.request.LoginRequest
[[1;31mERROR[m] /home/lovanky/Projects/mobileshop/server/src/main/java/com/tuyenshop/controller/AuthController.java:[57,97] cannot find symbol
  symbol:   method getPassword()
  location: variable loginRequest of type @jakarta.validation.Valid com.tuyenshop.payload.request.LoginRequest
[[1;31mERROR[m] /home/lovanky/Projects/mobileshop/server/src/main/java/com/tuyenshop/controller/AuthController.java:[68,61] cannot find symbol
  symbol:   method getId()
  location: variable userDetails of type com.tuyenshop.security.UserDetailsImpl
[[1;31mERROR[m] /home/lovanky/Projects/mobileshop/server/src/main/java/com/tuyenshop/controller/AuthController.java:[69,61] cannot find symbol
  symbol:   method getUsername()
  location: variable userDetails of type com.tuyenshop.security.UserDetailsImpl
[[1;31mERROR[m] /home/lovanky/Projects/mobileshop/server/src/main/java/com/tuyenshop/controller/AuthController.java:[70,61] cannot find symbol
  symbol:   method getEmail()
  location: variable userDetails of type com.tuyenshop.security.UserDetailsImpl
[[1;31mERROR[m] /home/lovanky/Projects/mobileshop/server/src/main/java/com/tuyenshop/controller/AuthController.java:[73,27] cannot find symbol
  symbol:   method builder()
  location: class com.tuyenshop.payload.response.ApiResponse
[[1;31mERROR[m] /home/lovanky/Projects/mobileshop/server/src/main/java/com/tuyenshop/controller/AuthController.java:[81,58] cannot find symbol
  symbol:   method getUsername()
  location: variable signUpRequest of type @jakarta.validation.Valid com.tuyenshop.payload.request.SignupRequest
[[1;31mERROR[m] /home/lovanky/Projects/mobileshop/server/src/main/java/com/tuyenshop/controller/AuthController.java:[85,55] cannot find symbol
  symbol:   method getEmail()
  location: variable signUpRequest of type @jakarta.validation.Valid com.tuyenshop.payload.request.SignupRequest
[[1;31mERROR[m] /home/lovanky/Projects/mobileshop/server/src/main/java/com/tuyenshop/controller/AuthController.java:[90,39] cannot find symbol
  symbol:   method getUsername()
  location: variable signUpRequest of type @jakarta.validation.Valid com.tuyenshop.payload.request.SignupRequest
[[1;31mERROR[m] /home/lovanky/Projects/mobileshop/server/src/main/java/com/tuyenshop/controller/AuthController.java:[91,36] cannot find symbol
  symbol:   method getEmail()
  location: variable signUpRequest of type @jakarta.validation.Valid com.tuyenshop.payload.request.SignupRequest
[[1;31mERROR[m] /home/lovanky/Projects/mobileshop/server/src/main/java/com/tuyenshop/controller/AuthController.java:[92,54] cannot find symbol
  symbol:   method getPassword()
  location: variable signUpRequest of type @jakarta.validation.Valid com.tuyenshop.payload.request.SignupRequest
[[1;31mERROR[m] /home/lovanky/Projects/mobileshop/server/src/main/java/com/tuyenshop/controller/AuthController.java:[94,45] cannot find symbol
  symbol:   method getRole()
  location: variable signUpRequest of type @jakarta.validation.Valid com.tuyenshop.payload.request.SignupRequest
[[1;31mERROR[m] /home/lovanky/Projects/mobileshop/server/src/main/java/com/tuyenshop/controller/AuthController.java:[117,13] cannot find symbol
  symbol:   method setRoles(java.util.Set<com.tuyenshop.model.Role>)
  location: variable user of type com.tuyenshop.model.User
[[1;31mERROR[m] /home/lovanky/Projects/mobileshop/server/src/main/java/com/tuyenshop/controller/AuthController.java:[120,27] cannot find symbol
  symbol:   method builder()
  location: class com.tuyenshop.payload.response.ApiResponse
[[1;31mERROR[m] /home/lovanky/Projects/mobileshop/server/src/main/java/com/tuyenshop/controller/AuthController.java:[132,31] cannot find symbol
  symbol:   method builder()
  location: class com.tuyenshop.payload.response.ApiResponse
[[1;31mERROR[m] /home/lovanky/Projects/mobileshop/server/src/main/java/com/tuyenshop/security/JwtUtils.java:[29,43] cannot find symbol
  symbol:   method getUsername()
  location: variable userPrincipal of type com.tuyenshop.security.UserDetailsImpl
[[1;31mERROR[m] /home/lovanky/Projects/mobileshop/server/src/main/java/com/tuyenshop/payload/response/ApiResponse.java:[21,17] cannot find symbol
  symbol:   method setResult(T)
  location: variable response of type com.tuyenshop.payload.response.ApiResponse<T>
[[1;31mERROR[m] /home/lovanky/Projects/mobileshop/server/src/main/java/com/tuyenshop/controller/BrandController.java:[21,27] cannot find symbol
  symbol:   method builder()
  location: class com.tuyenshop.payload.response.ApiResponse
[[1;31mERROR[m] /home/lovanky/Projects/mobileshop/server/src/main/java/com/tuyenshop/controller/BrandController.java:[28,27] cannot find symbol
  symbol:   method builder()
  location: class com.tuyenshop.payload.response.ApiResponse
[[1;31mERROR[m] /home/lovanky/Projects/mobileshop/server/src/main/java/com/tuyenshop/controller/BrandController.java:[36,27] cannot find symbol
  symbol:   method builder()
  location: class com.tuyenshop.payload.response.ApiResponse
[[1;31mERROR[m] /home/lovanky/Projects/mobileshop/server/src/main/java/com/tuyenshop/controller/BrandController.java:[44,27] cannot find symbol
  symbol:   method builder()
  location: class com.tuyenshop.payload.response.ApiResponse
[[1;31mERROR[m] /home/lovanky/Projects/mobileshop/server/src/main/java/com/tuyenshop/controller/BrandController.java:[53,27] cannot find symbol
  symbol:   method builder()
  location: class com.tuyenshop.payload.response.ApiResponse
[[1;31mERROR[m] /home/lovanky/Projects/mobileshop/server/src/main/java/com/tuyenshop/service/BrandService.java:[38,35] cannot find symbol
  symbol:   method getName()
  location: variable brandDetails of type com.tuyenshop.model.Brand
[[1;31mERROR[m] /home/lovanky/Projects/mobileshop/server/src/main/java/com/tuyenshop/service/BrandService.java:[39,42] cannot find symbol
  symbol:   method getDescription()
  location: variable brandDetails of type com.tuyenshop.model.Brand
[[1;31mERROR[m] /home/lovanky/Projects/mobileshop/server/src/main/java/com/tuyenshop/controller/CategoryController.java:[21,27] cannot find symbol
  symbol:   method builder()
  location: class com.tuyenshop.payload.response.ApiResponse
[[1;31mERROR[m] /home/lovanky/Projects/mobileshop/server/src/main/java/com/tuyenshop/controller/CategoryController.java:[28,27] cannot find symbol
  symbol:   method builder()
  location: class com.tuyenshop.payload.response.ApiResponse
[[1;31mERROR[m] /home/lovanky/Projects/mobileshop/server/src/main/java/com/tuyenshop/controller/CategoryController.java:[36,27] cannot find symbol
  symbol:   method builder()
  location: class com.tuyenshop.payload.response.ApiResponse
[[1;31mERROR[m] /home/lovanky/Projects/mobileshop/server/src/main/java/com/tuyenshop/controller/CategoryController.java:[44,27] cannot find symbol
  symbol:   method builder()
  location: class com.tuyenshop.payload.response.ApiResponse
[[1;31mERROR[m] /home/lovanky/Projects/mobileshop/server/src/main/java/com/tuyenshop/controller/CategoryController.java:[53,27] cannot find symbol
  symbol:   method builder()
  location: class com.tuyenshop.payload.response.ApiResponse
[[1;31mERROR[m] /home/lovanky/Projects/mobileshop/server/src/main/java/com/tuyenshop/service/CategoryService.java:[38,41] cannot find symbol
  symbol:   method getName()
  location: variable categoryDetails of type com.tuyenshop.model.Category
[[1;31mERROR[m] /home/lovanky/Projects/mobileshop/server/src/main/java/com/tuyenshop/service/CategoryService.java:[39,48] cannot find symbol
  symbol:   method getDescription()
  location: variable categoryDetails of type com.tuyenshop.model.Category
[[1;31mERROR[m] /home/lovanky/Projects/mobileshop/server/src/main/java/com/tuyenshop/controller/ColorController.java:[21,27] cannot find symbol
  symbol:   method builder()
  location: class com.tuyenshop.payload.response.ApiResponse
[[1;31mERROR[m] /home/lovanky/Projects/mobileshop/server/src/main/java/com/tuyenshop/controller/ColorController.java:[28,27] cannot find symbol
  symbol:   method builder()
  location: class com.tuyenshop.payload.response.ApiResponse
[[1;31mERROR[m] /home/lovanky/Projects/mobileshop/server/src/main/java/com/tuyenshop/controller/ColorController.java:[36,27] cannot find symbol
  symbol:   method builder()
  location: class com.tuyenshop.payload.response.ApiResponse
[[1;31mERROR[m] /home/lovanky/Projects/mobileshop/server/src/main/java/com/tuyenshop/controller/ColorController.java:[44,27] cannot find symbol
  symbol:   method builder()
  location: class com.tuyenshop.payload.response.ApiResponse
[[1;31mERROR[m] /home/lovanky/Projects/mobileshop/server/src/main/java/com/tuyenshop/controller/ColorController.java:[53,27] cannot find symbol
  symbol:   method builder()
  location: class com.tuyenshop.payload.response.ApiResponse
[[1;31mERROR[m] /home/lovanky/Projects/mobileshop/server/src/main/java/com/tuyenshop/service/ColorService.java:[38,35] cannot find symbol
  symbol:   method getName()
  location: variable colorDetails of type com.tuyenshop.model.Color
[[1;31mERROR[m] /home/lovanky/Projects/mobileshop/server/src/main/java/com/tuyenshop/service/ColorService.java:[39,34] cannot find symbol
  symbol:   method getHex()
  location: variable colorDetails of type com.tuyenshop.model.Color
[[1;31mERROR[m] /home/lovanky/Projects/mobileshop/server/src/main/java/com/tuyenshop/controller/OrderController.java:[23,27] cannot find symbol
  symbol:   method builder()
  location: class com.tuyenshop.payload.response.ApiResponse
[[1;31mERROR[m] /home/lovanky/Projects/mobileshop/server/src/main/java/com/tuyenshop/controller/OrderController.java:[31,27] cannot find symbol
  symbol:   method builder()
  location: class com.tuyenshop.payload.response.ApiResponse
[[1;31mERROR[m] /home/lovanky/Projects/mobileshop/server/src/main/java/com/tuyenshop/controller/OrderController.java:[39,27] cannot find symbol
  symbol:   method builder()
  location: class com.tuyenshop.payload.response.ApiResponse
[[1;31mERROR[m] /home/lovanky/Projects/mobileshop/server/src/main/java/com/tuyenshop/controller/OrderController.java:[49,27] cannot find symbol
  symbol:   method builder()
  location: class com.tuyenshop.payload.response.ApiResponse
[[1;31mERROR[m] /home/lovanky/Projects/mobileshop/server/src/main/java/com/tuyenshop/service/OrderService.java:[45,14] cannot find symbol
  symbol:   method setOrderCode(java.lang.String)
  location: variable order of type com.tuyenshop.model.Order
[[1;31mERROR[m] /home/lovanky/Projects/mobileshop/server/src/main/java/com/tuyenshop/service/OrderService.java:[46,38] cannot find symbol
  symbol:   method getCustomerName()
  location: variable request of type com.tuyenshop.payload.request.CheckoutRequest
[[1;31mERROR[m] /home/lovanky/Projects/mobileshop/server/src/main/java/com/tuyenshop/service/OrderService.java:[47,39] cannot find symbol
  symbol:   method getCustomerPhone()
  location: variable request of type com.tuyenshop.payload.request.CheckoutRequest
[[1;31mERROR[m] /home/lovanky/Projects/mobileshop/server/src/main/java/com/tuyenshop/service/OrderService.java:[48,41] cannot find symbol
  symbol:   method getCustomerAddress()
  location: variable request of type com.tuyenshop.payload.request.CheckoutRequest
[[1;31mERROR[m] /home/lovanky/Projects/mobileshop/server/src/main/java/com/tuyenshop/service/OrderService.java:[49,39] cannot find symbol
  symbol:   method getPaymentMethod()
  location: variable request of type com.tuyenshop.payload.request.CheckoutRequest
[[1;31mERROR[m] /home/lovanky/Projects/mobileshop/server/src/main/java/com/tuyenshop/service/OrderService.java:[50,14] cannot find symbol
  symbol:   method setOrderStatus(com.tuyenshop.model.OrderStatus)
  location: variable order of type com.tuyenshop.model.Order
[[1;31mERROR[m] /home/lovanky/Projects/mobileshop/server/src/main/java/com/tuyenshop/service/OrderService.java:[51,14] cannot find symbol
  symbol:   method setPaymentStatus(com.tuyenshop.model.PaymentStatus)
  location: variable order of type com.tuyenshop.model.Order
[[1;31mERROR[m] /home/lovanky/Projects/mobileshop/server/src/main/java/com/tuyenshop/service/OrderService.java:[57,63] invalid method reference
  cannot find symbol
    symbol:   method setUser(T)
    location: class com.tuyenshop.model.Order
[[1;31mERROR[m] /home/lovanky/Projects/mobileshop/server/src/main/java/com/tuyenshop/service/OrderService.java:[62,48] cannot find symbol
  symbol:   method getItems()
  location: variable request of type com.tuyenshop.payload.request.CheckoutRequest
[[1;31mERROR[m] /home/lovanky/Projects/mobileshop/server/src/main/java/com/tuyenshop/service/OrderService.java:[63,79] cannot find symbol
  symbol:   method getVariantId()
  location: variable itemReq of type com.tuyenshop.payload.request.OrderItemRequest
[[1;31mERROR[m] /home/lovanky/Projects/mobileshop/server/src/main/java/com/tuyenshop/service/OrderService.java:[66,24] cannot find symbol
  symbol:   method getStock()
  location: variable variant of type com.tuyenshop.model.ProductVariant
[[1;31mERROR[m] /home/lovanky/Projects/mobileshop/server/src/main/java/com/tuyenshop/service/OrderService.java:[66,45] cannot find symbol
  symbol:   method getQuantity()
  location: variable itemReq of type com.tuyenshop.payload.request.OrderItemRequest
[[1;31mERROR[m] /home/lovanky/Projects/mobileshop/server/src/main/java/com/tuyenshop/service/OrderService.java:[70,37] cannot find symbol
  symbol:   method getStock()
  location: variable variant of type com.tuyenshop.model.ProductVariant
[[1;31mERROR[m] /home/lovanky/Projects/mobileshop/server/src/main/java/com/tuyenshop/service/OrderService.java:[70,58] cannot find symbol
  symbol:   method getQuantity()
  location: variable itemReq of type com.tuyenshop.payload.request.OrderItemRequest
[[1;31mERROR[m] /home/lovanky/Projects/mobileshop/server/src/main/java/com/tuyenshop/service/OrderService.java:[74,19] cannot find symbol
  symbol:   method setOrder(com.tuyenshop.model.Order)
  location: variable detail of type com.tuyenshop.model.OrderDetail
[[1;31mERROR[m] /home/lovanky/Projects/mobileshop/server/src/main/java/com/tuyenshop/service/OrderService.java:[75,19] cannot find symbol
  symbol:   method setProductVariant(com.tuyenshop.model.ProductVariant)
  location: variable detail of type com.tuyenshop.model.OrderDetail
[[1;31mERROR[m] /home/lovanky/Projects/mobileshop/server/src/main/java/com/tuyenshop/service/OrderService.java:[76,36] cannot find symbol
  symbol:   method getPrice()
  location: variable variant of type com.tuyenshop.model.ProductVariant
[[1;31mERROR[m] /home/lovanky/Projects/mobileshop/server/src/main/java/com/tuyenshop/service/OrderService.java:[77,39] cannot find symbol
  symbol:   method getQuantity()
  location: variable itemReq of type com.tuyenshop.payload.request.OrderItemRequest
[[1;31mERROR[m] /home/lovanky/Projects/mobileshop/server/src/main/java/com/tuyenshop/service/OrderService.java:[79,43] cannot find symbol
  symbol:   method getPrice()
  location: variable variant of type com.tuyenshop.model.ProductVariant
[[1;31mERROR[m] /home/lovanky/Projects/mobileshop/server/src/main/java/com/tuyenshop/service/OrderService.java:[79,90] cannot find symbol
  symbol:   method getQuantity()
  location: variable itemReq of type com.tuyenshop.payload.request.OrderItemRequest
[[1;31mERROR[m] /home/lovanky/Projects/mobileshop/server/src/main/java/com/tuyenshop/service/OrderService.java:[82,18] cannot find symbol
  symbol:   method getOrderDetails()
  location: variable order of type com.tuyenshop.model.Order
[[1;31mERROR[m] /home/lovanky/Projects/mobileshop/server/src/main/java/com/tuyenshop/service/OrderService.java:[85,14] cannot find symbol
  symbol:   method setTotalAmount(java.math.BigDecimal)
  location: variable order of type com.tuyenshop.model.Order
[[1;31mERROR[m] /home/lovanky/Projects/mobileshop/server/src/main/java/com/tuyenshop/service/OrderService.java:[102,49] cannot find symbol
  symbol:   method getId()
  location: variable user of type com.tuyenshop.model.User
[[1;31mERROR[m] /home/lovanky/Projects/mobileshop/server/src/main/java/com/tuyenshop/controller/PaymentController.java:[31,50] cannot find symbol
  symbol:   method getVnp_TmnCode()
  location: variable vnPayConfig of type com.tuyenshop.config.VnPayConfig
[[1;31mERROR[m] /home/lovanky/Projects/mobileshop/server/src/main/java/com/tuyenshop/controller/PaymentController.java:[38,52] cannot find symbol
  symbol:   method getVnp_ReturnUrl()
  location: variable vnPayConfig of type com.tuyenshop.config.VnPayConfig
[[1;31mERROR[m] /home/lovanky/Projects/mobileshop/server/src/main/java/com/tuyenshop/controller/PaymentController.java:[76,67] cannot find symbol
  symbol:   method getSecretKey()
  location: variable vnPayConfig of type com.tuyenshop.config.VnPayConfig
[[1;31mERROR[m] /home/lovanky/Projects/mobileshop/server/src/main/java/com/tuyenshop/controller/PaymentController.java:[78,40] cannot find symbol
  symbol:   method getVnp_PayUrl()
  location: variable vnPayConfig of type com.tuyenshop.config.VnPayConfig
[[1;31mERROR[m] /home/lovanky/Projects/mobileshop/server/src/main/java/com/tuyenshop/controller/PaymentController.java:[79,45] cannot find symbol
  symbol:   method builder()
  location: class com.tuyenshop.payload.response.ApiResponse
[[1;31mERROR[m] /home/lovanky/Projects/mobileshop/server/src/main/java/com/tuyenshop/controller/PaymentController.java:[96,53] cannot find symbol
  symbol:   method builder()
  location: class com.tuyenshop.payload.response.ApiResponse
[[1;31mERROR[m] /home/lovanky/Projects/mobileshop/server/src/main/java/com/tuyenshop/controller/PaymentController.java:[98,68] cannot find symbol
  symbol:   method builder()
  location: class com.tuyenshop.payload.response.ApiResponse
[[1;31mERROR[m] /home/lovanky/Projects/mobileshop/server/src/main/java/com/tuyenshop/controller/PaymentController.java:[101,64] cannot find symbol
  symbol:   method builder()
  location: class com.tuyenshop.payload.response.ApiResponse
[[1;31mERROR[m] /home/lovanky/Projects/mobileshop/server/src/main/java/com/tuyenshop/controller/ProductController.java:[24,27] cannot find symbol
  symbol:   method builder()
  location: class com.tuyenshop.payload.response.ApiResponse
[[1;31mERROR[m] /home/lovanky/Projects/mobileshop/server/src/main/java/com/tuyenshop/controller/ProductController.java:[29,27] cannot find symbol
  symbol:   method builder()
  location: class com.tuyenshop.payload.response.ApiResponse
[[1;31mERROR[m] /home/lovanky/Projects/mobileshop/server/src/main/java/com/tuyenshop/controller/ProductController.java:[34,27] cannot find symbol
  symbol:   method builder()
  location: class com.tuyenshop.payload.response.ApiResponse
[[1;31mERROR[m] /home/lovanky/Projects/mobileshop/server/src/main/java/com/tuyenshop/controller/ProductController.java:[40,27] cannot find symbol
  symbol:   method builder()
  location: class com.tuyenshop.payload.response.ApiResponse
[[1;31mERROR[m] /home/lovanky/Projects/mobileshop/server/src/main/java/com/tuyenshop/controller/ProductController.java:[46,27] cannot find symbol
  symbol:   method builder()
  location: class com.tuyenshop.payload.response.ApiResponse
[[1;31mERROR[m] /home/lovanky/Projects/mobileshop/server/src/main/java/com/tuyenshop/controller/ProductController.java:[53,27] cannot find symbol
  symbol:   method builder()
  location: class com.tuyenshop.payload.response.ApiResponse
[[1;31mERROR[m] /home/lovanky/Projects/mobileshop/server/src/main/java/com/tuyenshop/service/ProductService.java:[109,32] cannot find symbol
  symbol:   method getName()
  location: variable request of type com.tuyenshop.payload.request.ProductCreationRequest
[[1;31mERROR[m] /home/lovanky/Projects/mobileshop/server/src/main/java/com/tuyenshop/service/ProductService.java:[110,33] cannot find symbol
  symbol:   method getPrice()
  location: variable request of type com.tuyenshop.payload.request.ProductCreationRequest
[[1;31mERROR[m] /home/lovanky/Projects/mobileshop/server/src/main/java/com/tuyenshop/service/ProductService.java:[111,16] cannot find symbol
  symbol:   method setSalePrice(request.ge[...]ice())
  location: variable product of type com.tuyenshop.model.Product
[[1;31mERROR[m] /home/lovanky/Projects/mobileshop/server/src/main/java/com/tuyenshop/service/ProductService.java:[111,37] cannot find symbol
  symbol:   method getSalePrice()
  location: variable request of type com.tuyenshop.payload.request.ProductCreationRequest
[[1;31mERROR[m] /home/lovanky/Projects/mobileshop/server/src/main/java/com/tuyenshop/service/ProductService.java:[111,70] cannot find symbol
  symbol:   method getSalePrice()
  location: variable request of type com.tuyenshop.payload.request.ProductCreationRequest
[[1;31mERROR[m] /home/lovanky/Projects/mobileshop/server/src/main/java/com/tuyenshop/service/ProductService.java:[111,95] cannot find symbol
  symbol:   method getPrice()
  location: variable request of type com.tuyenshop.payload.request.ProductCreationRequest
[[1;31mERROR[m] /home/lovanky/Projects/mobileshop/server/src/main/java/com/tuyenshop/service/ProductService.java:[112,39] cannot find symbol
  symbol:   method getDescription()
  location: variable request of type com.tuyenshop.payload.request.ProductCreationRequest
[[1;34mINFO[m] 100 errors 
[[1;34mINFO[m] -------------------------------------------------------------
[[1;34mINFO[m] [1m------------------------------------------------------------------------[m
[[1;34mINFO[m] [1;31mBUILD FAILURE[m
[[1;34mINFO[m] [1m------------------------------------------------------------------------[m
[[1;34mINFO[m] Total time:  2.728 s
[[1;34mINFO[m] Finished at: 2026-06-03T21:14:05+07:00
[[1;34mINFO[m] [1m------------------------------------------------------------------------[m
[[1;31mERROR[m] Failed to execute goal [32morg.apache.maven.plugins:maven-compiler-plugin:3.13.0:compile[m [1m(default-compile)[m on project [36mserver[m: [1;31mCompilation failure[m: Compilation failure: 
[[1;31mERROR[m] /home/lovanky/Projects/mobileshop/server/src/main/java/com/tuyenshop/service/ProductService.java:[35,54] variable brandRepository is already defined in class com.tuyenshop.service.ProductService
[[1;31mERROR[m] /home/lovanky/Projects/mobileshop/server/src/main/java/com/tuyenshop/service/ProductService.java:[38,57] variable categoryRepository is already defined in class com.tuyenshop.service.ProductService
[[1;31mERROR[m] /home/lovanky/Projects/mobileshop/server/src/main/java/com/tuyenshop/service/ProductVariantService.java:[31,56] variable productRepository is already defined in class com.tuyenshop.service.ProductVariantService
[[1;31mERROR[m] /home/lovanky/Projects/mobileshop/server/src/main/java/com/tuyenshop/service/ProductVariantService.java:[34,54] variable colorRepository is already defined in class com.tuyenshop.service.ProductVariantService
[[1;31mERROR[m] /home/lovanky/Projects/mobileshop/server/src/main/java/com/tuyenshop/service/ProductVariantService.java:[37,63] variable versionRepository is already defined in class com.tuyenshop.service.ProductVariantService
[[1;31mERROR[m] /home/lovanky/Projects/mobileshop/server/src/main/java/com/tuyenshop/config/AppInitializer.java:[54,18] cannot find symbol
[[1;31mERROR[m]   symbol:   method setUsername(java.lang.String)
[[1;31mERROR[m]   location: variable admin of type com.tuyenshop.model.User
[[1;31mERROR[m] /home/lovanky/Projects/mobileshop/server/src/main/java/com/tuyenshop/config/AppInitializer.java:[55,18] cannot find symbol
[[1;31mERROR[m]   symbol:   method setPassword(java.lang.String)
[[1;31mERROR[m]   location: variable admin of type com.tuyenshop.model.User
[[1;31mERROR[m] /home/lovanky/Projects/mobileshop/server/src/main/java/com/tuyenshop/config/AppInitializer.java:[56,18] cannot find symbol
[[1;31mERROR[m]   symbol:   method setEmail(java.lang.String)
[[1;31mERROR[m]   location: variable admin of type com.tuyenshop.model.User
[[1;31mERROR[m] /home/lovanky/Projects/mobileshop/server/src/main/java/com/tuyenshop/config/AppInitializer.java:[60,18] cannot find symbol
[[1;31mERROR[m]   symbol:   method setRoles(java.util.Set<com.tuyenshop.model.Role>)
[[1;31mERROR[m]   location: variable admin of type com.tuyenshop.model.User
[[1;31mERROR[m] /home/lovanky/Projects/mobileshop/server/src/main/java/com/tuyenshop/config/AppInitializer.java:[71,25] cannot find symbol
[[1;31mERROR[m]   symbol:   method setName(java.lang.String)
[[1;31mERROR[m]   location: variable perm of type com.tuyenshop.model.Permission
[[1;31mERROR[m] /home/lovanky/Projects/mobileshop/server/src/main/java/com/tuyenshop/config/AppInitializer.java:[72,25] cannot find symbol
[[1;31mERROR[m]   symbol:   method setDescription(java.lang.String)
[[1;31mERROR[m]   location: variable perm of type com.tuyenshop.model.Permission
[[1;31mERROR[m] /home/lovanky/Projects/mobileshop/server/src/main/java/com/tuyenshop/config/AppInitializer.java:[81,25] cannot find symbol
[[1;31mERROR[m]   symbol:   method setName(java.lang.String)
[[1;31mERROR[m]   location: variable role of type com.tuyenshop.model.Role
[[1;31mERROR[m] /home/lovanky/Projects/mobileshop/server/src/main/java/com/tuyenshop/config/AppInitializer.java:[82,25] cannot find symbol
[[1;31mERROR[m]   symbol:   method setDescription(java.lang.String)
[[1;31mERROR[m]   location: variable role of type com.tuyenshop.model.Role
[[1;31mERROR[m] /home/lovanky/Projects/mobileshop/server/src/main/java/com/tuyenshop/config/AppInitializer.java:[83,25] cannot find symbol
[[1;31mERROR[m]   symbol:   method setPermissions(java.util.Set<com.tuyenshop.model.Permission>)
[[1;31mERROR[m]   location: variable role of type com.tuyenshop.model.Role
[[1;31mERROR[m] /home/lovanky/Projects/mobileshop/server/src/main/java/com/tuyenshop/controller/AuthController.java:[57,69] cannot find symbol
[[1;31mERROR[m]   symbol:   method getUsername()
[[1;31mERROR[m]   location: variable loginRequest of type @jakarta.validation.Valid com.tuyenshop.payload.request.LoginRequest
[[1;31mERROR[m] /home/lovanky/Projects/mobileshop/server/src/main/java/com/tuyenshop/controller/AuthController.java:[57,97] cannot find symbol
[[1;31mERROR[m]   symbol:   method getPassword()
[[1;31mERROR[m]   location: variable loginRequest of type @jakarta.validation.Valid com.tuyenshop.payload.request.LoginRequest
[[1;31mERROR[m] /home/lovanky/Projects/mobileshop/server/src/main/java/com/tuyenshop/controller/AuthController.java:[68,61] cannot find symbol
[[1;31mERROR[m]   symbol:   method getId()
[[1;31mERROR[m]   location: variable userDetails of type com.tuyenshop.security.UserDetailsImpl
[[1;31mERROR[m] /home/lovanky/Projects/mobileshop/server/src/main/java/com/tuyenshop/controller/AuthController.java:[69,61] cannot find symbol
[[1;31mERROR[m]   symbol:   method getUsername()
[[1;31mERROR[m]   location: variable userDetails of type com.tuyenshop.security.UserDetailsImpl
[[1;31mERROR[m] /home/lovanky/Projects/mobileshop/server/src/main/java/com/tuyenshop/controller/AuthController.java:[70,61] cannot find symbol
[[1;31mERROR[m]   symbol:   method getEmail()
[[1;31mERROR[m]   location: variable userDetails of type com.tuyenshop.security.UserDetailsImpl
[[1;31mERROR[m] /home/lovanky/Projects/mobileshop/server/src/main/java/com/tuyenshop/controller/AuthController.java:[73,27] cannot find symbol
[[1;31mERROR[m]   symbol:   method builder()
[[1;31mERROR[m]   location: class com.tuyenshop.payload.response.ApiResponse
[[1;31mERROR[m] /home/lovanky/Projects/mobileshop/server/src/main/java/com/tuyenshop/controller/AuthController.java:[81,58] cannot find symbol
[[1;31mERROR[m]   symbol:   method getUsername()
[[1;31mERROR[m]   location: variable signUpRequest of type @jakarta.validation.Valid com.tuyenshop.payload.request.SignupRequest
[[1;31mERROR[m] /home/lovanky/Projects/mobileshop/server/src/main/java/com/tuyenshop/controller/AuthController.java:[85,55] cannot find symbol
[[1;31mERROR[m]   symbol:   method getEmail()
[[1;31mERROR[m]   location: variable signUpRequest of type @jakarta.validation.Valid com.tuyenshop.payload.request.SignupRequest
[[1;31mERROR[m] /home/lovanky/Projects/mobileshop/server/src/main/java/com/tuyenshop/controller/AuthController.java:[90,39] cannot find symbol
[[1;31mERROR[m]   symbol:   method getUsername()
[[1;31mERROR[m]   location: variable signUpRequest of type @jakarta.validation.Valid com.tuyenshop.payload.request.SignupRequest
[[1;31mERROR[m] /home/lovanky/Projects/mobileshop/server/src/main/java/com/tuyenshop/controller/AuthController.java:[91,36] cannot find symbol
[[1;31mERROR[m]   symbol:   method getEmail()
[[1;31mERROR[m]   location: variable signUpRequest of type @jakarta.validation.Valid com.tuyenshop.payload.request.SignupRequest
[[1;31mERROR[m] /home/lovanky/Projects/mobileshop/server/src/main/java/com/tuyenshop/controller/AuthController.java:[92,54] cannot find symbol
[[1;31mERROR[m]   symbol:   method getPassword()
[[1;31mERROR[m]   location: variable signUpRequest of type @jakarta.validation.Valid com.tuyenshop.payload.request.SignupRequest
[[1;31mERROR[m] /home/lovanky/Projects/mobileshop/server/src/main/java/com/tuyenshop/controller/AuthController.java:[94,45] cannot find symbol
[[1;31mERROR[m]   symbol:   method getRole()
[[1;31mERROR[m]   location: variable signUpRequest of type @jakarta.validation.Valid com.tuyenshop.payload.request.SignupRequest
[[1;31mERROR[m] /home/lovanky/Projects/mobileshop/server/src/main/java/com/tuyenshop/controller/AuthController.java:[117,13] cannot find symbol
[[1;31mERROR[m]   symbol:   method setRoles(java.util.Set<com.tuyenshop.model.Role>)
[[1;31mERROR[m]   location: variable user of type com.tuyenshop.model.User
[[1;31mERROR[m] /home/lovanky/Projects/mobileshop/server/src/main/java/com/tuyenshop/controller/AuthController.java:[120,27] cannot find symbol
[[1;31mERROR[m]   symbol:   method builder()
[[1;31mERROR[m]   location: class com.tuyenshop.payload.response.ApiResponse
[[1;31mERROR[m] /home/lovanky/Projects/mobileshop/server/src/main/java/com/tuyenshop/controller/AuthController.java:[132,31] cannot find symbol
[[1;31mERROR[m]   symbol:   method builder()
[[1;31mERROR[m]   location: class com.tuyenshop.payload.response.ApiResponse
[[1;31mERROR[m] /home/lovanky/Projects/mobileshop/server/src/main/java/com/tuyenshop/security/JwtUtils.java:[29,43] cannot find symbol
[[1;31mERROR[m]   symbol:   method getUsername()
[[1;31mERROR[m]   location: variable userPrincipal of type com.tuyenshop.security.UserDetailsImpl
[[1;31mERROR[m] /home/lovanky/Projects/mobileshop/server/src/main/java/com/tuyenshop/payload/response/ApiResponse.java:[21,17] cannot find symbol
[[1;31mERROR[m]   symbol:   method setResult(T)
[[1;31mERROR[m]   location: variable response of type com.tuyenshop.payload.response.ApiResponse<T>
[[1;31mERROR[m] /home/lovanky/Projects/mobileshop/server/src/main/java/com/tuyenshop/controller/BrandController.java:[21,27] cannot find symbol
[[1;31mERROR[m]   symbol:   method builder()
[[1;31mERROR[m]   location: class com.tuyenshop.payload.response.ApiResponse
[[1;31mERROR[m] /home/lovanky/Projects/mobileshop/server/src/main/java/com/tuyenshop/controller/BrandController.java:[28,27] cannot find symbol
[[1;31mERROR[m]   symbol:   method builder()
[[1;31mERROR[m]   location: class com.tuyenshop.payload.response.ApiResponse
[[1;31mERROR[m] /home/lovanky/Projects/mobileshop/server/src/main/java/com/tuyenshop/controller/BrandController.java:[36,27] cannot find symbol
[[1;31mERROR[m]   symbol:   method builder()
[[1;31mERROR[m]   location: class com.tuyenshop.payload.response.ApiResponse
[[1;31mERROR[m] /home/lovanky/Projects/mobileshop/server/src/main/java/com/tuyenshop/controller/BrandController.java:[44,27] cannot find symbol
[[1;31mERROR[m]   symbol:   method builder()
[[1;31mERROR[m]   location: class com.tuyenshop.payload.response.ApiResponse
[[1;31mERROR[m] /home/lovanky/Projects/mobileshop/server/src/main/java/com/tuyenshop/controller/BrandController.java:[53,27] cannot find symbol
[[1;31mERROR[m]   symbol:   method builder()
[[1;31mERROR[m]   location: class com.tuyenshop.payload.response.ApiResponse
[[1;31mERROR[m] /home/lovanky/Projects/mobileshop/server/src/main/java/com/tuyenshop/service/BrandService.java:[38,35] cannot find symbol
[[1;31mERROR[m]   symbol:   method getName()
[[1;31mERROR[m]   location: variable brandDetails of type com.tuyenshop.model.Brand
[[1;31mERROR[m] /home/lovanky/Projects/mobileshop/server/src/main/java/com/tuyenshop/service/BrandService.java:[39,42] cannot find symbol
[[1;31mERROR[m]   symbol:   method getDescription()
[[1;31mERROR[m]   location: variable brandDetails of type com.tuyenshop.model.Brand
[[1;31mERROR[m] /home/lovanky/Projects/mobileshop/server/src/main/java/com/tuyenshop/controller/CategoryController.java:[21,27] cannot find symbol
[[1;31mERROR[m]   symbol:   method builder()
[[1;31mERROR[m]   location: class com.tuyenshop.payload.response.ApiResponse
[[1;31mERROR[m] /home/lovanky/Projects/mobileshop/server/src/main/java/com/tuyenshop/controller/CategoryController.java:[28,27] cannot find symbol
[[1;31mERROR[m]   symbol:   method builder()
[[1;31mERROR[m]   location: class com.tuyenshop.payload.response.ApiResponse
[[1;31mERROR[m] /home/lovanky/Projects/mobileshop/server/src/main/java/com/tuyenshop/controller/CategoryController.java:[36,27] cannot find symbol
[[1;31mERROR[m]   symbol:   method builder()
[[1;31mERROR[m]   location: class com.tuyenshop.payload.response.ApiResponse
[[1;31mERROR[m] /home/lovanky/Projects/mobileshop/server/src/main/java/com/tuyenshop/controller/CategoryController.java:[44,27] cannot find symbol
[[1;31mERROR[m]   symbol:   method builder()
[[1;31mERROR[m]   location: class com.tuyenshop.payload.response.ApiResponse
[[1;31mERROR[m] /home/lovanky/Projects/mobileshop/server/src/main/java/com/tuyenshop/controller/CategoryController.java:[53,27] cannot find symbol
[[1;31mERROR[m]   symbol:   method builder()
[[1;31mERROR[m]   location: class com.tuyenshop.payload.response.ApiResponse
[[1;31mERROR[m] /home/lovanky/Projects/mobileshop/server/src/main/java/com/tuyenshop/service/CategoryService.java:[38,41] cannot find symbol
[[1;31mERROR[m]   symbol:   method getName()
[[1;31mERROR[m]   location: variable categoryDetails of type com.tuyenshop.model.Category
[[1;31mERROR[m] /home/lovanky/Projects/mobileshop/server/src/main/java/com/tuyenshop/service/CategoryService.java:[39,48] cannot find symbol
[[1;31mERROR[m]   symbol:   method getDescription()
[[1;31mERROR[m]   location: variable categoryDetails of type com.tuyenshop.model.Category
[[1;31mERROR[m] /home/lovanky/Projects/mobileshop/server/src/main/java/com/tuyenshop/controller/ColorController.java:[21,27] cannot find symbol
[[1;31mERROR[m]   symbol:   method builder()
[[1;31mERROR[m]   location: class com.tuyenshop.payload.response.ApiResponse
[[1;31mERROR[m] /home/lovanky/Projects/mobileshop/server/src/main/java/com/tuyenshop/controller/ColorController.java:[28,27] cannot find symbol
[[1;31mERROR[m]   symbol:   method builder()
[[1;31mERROR[m]   location: class com.tuyenshop.payload.response.ApiResponse
[[1;31mERROR[m] /home/lovanky/Projects/mobileshop/server/src/main/java/com/tuyenshop/controller/ColorController.java:[36,27] cannot find symbol
[[1;31mERROR[m]   symbol:   method builder()
[[1;31mERROR[m]   location: class com.tuyenshop.payload.response.ApiResponse
[[1;31mERROR[m] /home/lovanky/Projects/mobileshop/server/src/main/java/com/tuyenshop/controller/ColorController.java:[44,27] cannot find symbol
[[1;31mERROR[m]   symbol:   method builder()
[[1;31mERROR[m]   location: class com.tuyenshop.payload.response.ApiResponse
[[1;31mERROR[m] /home/lovanky/Projects/mobileshop/server/src/main/java/com/tuyenshop/controller/ColorController.java:[53,27] cannot find symbol
[[1;31mERROR[m]   symbol:   method builder()
[[1;31mERROR[m]   location: class com.tuyenshop.payload.response.ApiResponse
[[1;31mERROR[m] /home/lovanky/Projects/mobileshop/server/src/main/java/com/tuyenshop/service/ColorService.java:[38,35] cannot find symbol
[[1;31mERROR[m]   symbol:   method getName()
[[1;31mERROR[m]   location: variable colorDetails of type com.tuyenshop.model.Color
[[1;31mERROR[m] /home/lovanky/Projects/mobileshop/server/src/main/java/com/tuyenshop/service/ColorService.java:[39,34] cannot find symbol
[[1;31mERROR[m]   symbol:   method getHex()
[[1;31mERROR[m]   location: variable colorDetails of type com.tuyenshop.model.Color
[[1;31mERROR[m] /home/lovanky/Projects/mobileshop/server/src/main/java/com/tuyenshop/controller/OrderController.java:[23,27] cannot find symbol
[[1;31mERROR[m]   symbol:   method builder()
[[1;31mERROR[m]   location: class com.tuyenshop.payload.response.ApiResponse
[[1;31mERROR[m] /home/lovanky/Projects/mobileshop/server/src/main/java/com/tuyenshop/controller/OrderController.java:[31,27] cannot find symbol
[[1;31mERROR[m]   symbol:   method builder()
[[1;31mERROR[m]   location: class com.tuyenshop.payload.response.ApiResponse
[[1;31mERROR[m] /home/lovanky/Projects/mobileshop/server/src/main/java/com/tuyenshop/controller/OrderController.java:[39,27] cannot find symbol
[[1;31mERROR[m]   symbol:   method builder()
[[1;31mERROR[m]   location: class com.tuyenshop.payload.response.ApiResponse
[[1;31mERROR[m] /home/lovanky/Projects/mobileshop/server/src/main/java/com/tuyenshop/controller/OrderController.java:[49,27] cannot find symbol
[[1;31mERROR[m]   symbol:   method builder()
[[1;31mERROR[m]   location: class com.tuyenshop.payload.response.ApiResponse
[[1;31mERROR[m] /home/lovanky/Projects/mobileshop/server/src/main/java/com/tuyenshop/service/OrderService.java:[45,14] cannot find symbol
[[1;31mERROR[m]   symbol:   method setOrderCode(java.lang.String)
[[1;31mERROR[m]   location: variable order of type com.tuyenshop.model.Order
[[1;31mERROR[m] /home/lovanky/Projects/mobileshop/server/src/main/java/com/tuyenshop/service/OrderService.java:[46,38] cannot find symbol
[[1;31mERROR[m]   symbol:   method getCustomerName()
[[1;31mERROR[m]   location: variable request of type com.tuyenshop.payload.request.CheckoutRequest
[[1;31mERROR[m] /home/lovanky/Projects/mobileshop/server/src/main/java/com/tuyenshop/service/OrderService.java:[47,39] cannot find symbol
[[1;31mERROR[m]   symbol:   method getCustomerPhone()
[[1;31mERROR[m]   location: variable request of type com.tuyenshop.payload.request.CheckoutRequest
[[1;31mERROR[m] /home/lovanky/Projects/mobileshop/server/src/main/java/com/tuyenshop/service/OrderService.java:[48,41] cannot find symbol
[[1;31mERROR[m]   symbol:   method getCustomerAddress()
[[1;31mERROR[m]   location: variable request of type com.tuyenshop.payload.request.CheckoutRequest
[[1;31mERROR[m] /home/lovanky/Projects/mobileshop/server/src/main/java/com/tuyenshop/service/OrderService.java:[49,39] cannot find symbol
[[1;31mERROR[m]   symbol:   method getPaymentMethod()
[[1;31mERROR[m]   location: variable request of type com.tuyenshop.payload.request.CheckoutRequest
[[1;31mERROR[m] /home/lovanky/Projects/mobileshop/server/src/main/java/com/tuyenshop/service/OrderService.java:[50,14] cannot find symbol
[[1;31mERROR[m]   symbol:   method setOrderStatus(com.tuyenshop.model.OrderStatus)
[[1;31mERROR[m]   location: variable order of type com.tuyenshop.model.Order
[[1;31mERROR[m] /home/lovanky/Projects/mobileshop/server/src/main/java/com/tuyenshop/service/OrderService.java:[51,14] cannot find symbol
[[1;31mERROR[m]   symbol:   method setPaymentStatus(com.tuyenshop.model.PaymentStatus)
[[1;31mERROR[m]   location: variable order of type com.tuyenshop.model.Order
[[1;31mERROR[m] /home/lovanky/Projects/mobileshop/server/src/main/java/com/tuyenshop/service/OrderService.java:[57,63] invalid method reference
[[1;31mERROR[m]   cannot find symbol
[[1;31mERROR[m]     symbol:   method setUser(T)
[[1;31mERROR[m]     location: class com.tuyenshop.model.Order
[[1;31mERROR[m] /home/lovanky/Projects/mobileshop/server/src/main/java/com/tuyenshop/service/OrderService.java:[62,48] cannot find symbol
[[1;31mERROR[m]   symbol:   method getItems()
[[1;31mERROR[m]   location: variable request of type com.tuyenshop.payload.request.CheckoutRequest
[[1;31mERROR[m] /home/lovanky/Projects/mobileshop/server/src/main/java/com/tuyenshop/service/OrderService.java:[63,79] cannot find symbol
[[1;31mERROR[m]   symbol:   method getVariantId()
[[1;31mERROR[m]   location: variable itemReq of type com.tuyenshop.payload.request.OrderItemRequest
[[1;31mERROR[m] /home/lovanky/Projects/mobileshop/server/src/main/java/com/tuyenshop/service/OrderService.java:[66,24] cannot find symbol
[[1;31mERROR[m]   symbol:   method getStock()
[[1;31mERROR[m]   location: variable variant of type com.tuyenshop.model.ProductVariant
[[1;31mERROR[m] /home/lovanky/Projects/mobileshop/server/src/main/java/com/tuyenshop/service/OrderService.java:[66,45] cannot find symbol
[[1;31mERROR[m]   symbol:   method getQuantity()
[[1;31mERROR[m]   location: variable itemReq of type com.tuyenshop.payload.request.OrderItemRequest
[[1;31mERROR[m] /home/lovanky/Projects/mobileshop/server/src/main/java/com/tuyenshop/service/OrderService.java:[70,37] cannot find symbol
[[1;31mERROR[m]   symbol:   method getStock()
[[1;31mERROR[m]   location: variable variant of type com.tuyenshop.model.ProductVariant
[[1;31mERROR[m] /home/lovanky/Projects/mobileshop/server/src/main/java/com/tuyenshop/service/OrderService.java:[70,58] cannot find symbol
[[1;31mERROR[m]   symbol:   method getQuantity()
[[1;31mERROR[m]   location: variable itemReq of type com.tuyenshop.payload.request.OrderItemRequest
[[1;31mERROR[m] /home/lovanky/Projects/mobileshop/server/src/main/java/com/tuyenshop/service/OrderService.java:[74,19] cannot find symbol
[[1;31mERROR[m]   symbol:   method setOrder(com.tuyenshop.model.Order)
[[1;31mERROR[m]   location: variable detail of type com.tuyenshop.model.OrderDetail
[[1;31mERROR[m] /home/lovanky/Projects/mobileshop/server/src/main/java/com/tuyenshop/service/OrderService.java:[75,19] cannot find symbol
[[1;31mERROR[m]   symbol:   method setProductVariant(com.tuyenshop.model.ProductVariant)
[[1;31mERROR[m]   location: variable detail of type com.tuyenshop.model.OrderDetail
[[1;31mERROR[m] /home/lovanky/Projects/mobileshop/server/src/main/java/com/tuyenshop/service/OrderService.java:[76,36] cannot find symbol
[[1;31mERROR[m]   symbol:   method getPrice()
[[1;31mERROR[m]   location: variable variant of type com.tuyenshop.model.ProductVariant
[[1;31mERROR[m] /home/lovanky/Projects/mobileshop/server/src/main/java/com/tuyenshop/service/OrderService.java:[77,39] cannot find symbol
[[1;31mERROR[m]   symbol:   method getQuantity()
[[1;31mERROR[m]   location: variable itemReq of type com.tuyenshop.payload.request.OrderItemRequest
[[1;31mERROR[m] /home/lovanky/Projects/mobileshop/server/src/main/java/com/tuyenshop/service/OrderService.java:[79,43] cannot find symbol
[[1;31mERROR[m]   symbol:   method getPrice()
[[1;31mERROR[m]   location: variable variant of type com.tuyenshop.model.ProductVariant
[[1;31mERROR[m] /home/lovanky/Projects/mobileshop/server/src/main/java/com/tuyenshop/service/OrderService.java:[79,90] cannot find symbol
[[1;31mERROR[m]   symbol:   method getQuantity()
[[1;31mERROR[m]   location: variable itemReq of type com.tuyenshop.payload.request.OrderItemRequest
[[1;31mERROR[m] /home/lovanky/Projects/mobileshop/server/src/main/java/com/tuyenshop/service/OrderService.java:[82,18] cannot find symbol
[[1;31mERROR[m]   symbol:   method getOrderDetails()
[[1;31mERROR[m]   location: variable order of type com.tuyenshop.model.Order
[[1;31mERROR[m] /home/lovanky/Projects/mobileshop/server/src/main/java/com/tuyenshop/service/OrderService.java:[85,14] cannot find symbol
[[1;31mERROR[m]   symbol:   method setTotalAmount(java.math.BigDecimal)
[[1;31mERROR[m]   location: variable order of type com.tuyenshop.model.Order
[[1;31mERROR[m] /home/lovanky/Projects/mobileshop/server/src/main/java/com/tuyenshop/service/OrderService.java:[102,49] cannot find symbol
[[1;31mERROR[m]   symbol:   method getId()
[[1;31mERROR[m]   location: variable user of type com.tuyenshop.model.User
[[1;31mERROR[m] /home/lovanky/Projects/mobileshop/server/src/main/java/com/tuyenshop/controller/PaymentController.java:[31,50] cannot find symbol
[[1;31mERROR[m]   symbol:   method getVnp_TmnCode()
[[1;31mERROR[m]   location: variable vnPayConfig of type com.tuyenshop.config.VnPayConfig
[[1;31mERROR[m] /home/lovanky/Projects/mobileshop/server/src/main/java/com/tuyenshop/controller/PaymentController.java:[38,52] cannot find symbol
[[1;31mERROR[m]   symbol:   method getVnp_ReturnUrl()
[[1;31mERROR[m]   location: variable vnPayConfig of type com.tuyenshop.config.VnPayConfig
[[1;31mERROR[m] /home/lovanky/Projects/mobileshop/server/src/main/java/com/tuyenshop/controller/PaymentController.java:[76,67] cannot find symbol
[[1;31mERROR[m]   symbol:   method getSecretKey()
[[1;31mERROR[m]   location: variable vnPayConfig of type com.tuyenshop.config.VnPayConfig
[[1;31mERROR[m] /home/lovanky/Projects/mobileshop/server/src/main/java/com/tuyenshop/controller/PaymentController.java:[78,40] cannot find symbol
[[1;31mERROR[m]   symbol:   method getVnp_PayUrl()
[[1;31mERROR[m]   location: variable vnPayConfig of type com.tuyenshop.config.VnPayConfig
[[1;31mERROR[m] /home/lovanky/Projects/mobileshop/server/src/main/java/com/tuyenshop/controller/PaymentController.java:[79,45] cannot find symbol
[[1;31mERROR[m]   symbol:   method builder()
[[1;31mERROR[m]   location: class com.tuyenshop.payload.response.ApiResponse
[[1;31mERROR[m] /home/lovanky/Projects/mobileshop/server/src/main/java/com/tuyenshop/controller/PaymentController.java:[96,53] cannot find symbol
[[1;31mERROR[m]   symbol:   method builder()
[[1;31mERROR[m]   location: class com.tuyenshop.payload.response.ApiResponse
[[1;31mERROR[m] /home/lovanky/Projects/mobileshop/server/src/main/java/com/tuyenshop/controller/PaymentController.java:[98,68] cannot find symbol
[[1;31mERROR[m]   symbol:   method builder()
[[1;31mERROR[m]   location: class com.tuyenshop.payload.response.ApiResponse
[[1;31mERROR[m] /home/lovanky/Projects/mobileshop/server/src/main/java/com/tuyenshop/controller/PaymentController.java:[101,64] cannot find symbol
[[1;31mERROR[m]   symbol:   method builder()
[[1;31mERROR[m]   location: class com.tuyenshop.payload.response.ApiResponse
[[1;31mERROR[m] /home/lovanky/Projects/mobileshop/server/src/main/java/com/tuyenshop/controller/ProductController.java:[24,27] cannot find symbol
[[1;31mERROR[m]   symbol:   method builder()
[[1;31mERROR[m]   location: class com.tuyenshop.payload.response.ApiResponse
[[1;31mERROR[m] /home/lovanky/Projects/mobileshop/server/src/main/java/com/tuyenshop/controller/ProductController.java:[29,27] cannot find symbol
[[1;31mERROR[m]   symbol:   method builder()
[[1;31mERROR[m]   location: class com.tuyenshop.payload.response.ApiResponse
[[1;31mERROR[m] /home/lovanky/Projects/mobileshop/server/src/main/java/com/tuyenshop/controller/ProductController.java:[34,27] cannot find symbol
[[1;31mERROR[m]   symbol:   method builder()
[[1;31mERROR[m]   location: class com.tuyenshop.payload.response.ApiResponse
[[1;31mERROR[m] /home/lovanky/Projects/mobileshop/server/src/main/java/com/tuyenshop/controller/ProductController.java:[40,27] cannot find symbol
[[1;31mERROR[m]   symbol:   method builder()
[[1;31mERROR[m]   location: class com.tuyenshop.payload.response.ApiResponse
[[1;31mERROR[m] /home/lovanky/Projects/mobileshop/server/src/main/java/com/tuyenshop/controller/ProductController.java:[46,27] cannot find symbol
[[1;31mERROR[m]   symbol:   method builder()
[[1;31mERROR[m]   location: class com.tuyenshop.payload.response.ApiResponse
[[1;31mERROR[m] /home/lovanky/Projects/mobileshop/server/src/main/java/com/tuyenshop/controller/ProductController.java:[53,27] cannot find symbol
[[1;31mERROR[m]   symbol:   method builder()
[[1;31mERROR[m]   location: class com.tuyenshop.payload.response.ApiResponse
[[1;31mERROR[m] /home/lovanky/Projects/mobileshop/server/src/main/java/com/tuyenshop/service/ProductService.java:[109,32] cannot find symbol
[[1;31mERROR[m]   symbol:   method getName()
[[1;31mERROR[m]   location: variable request of type com.tuyenshop.payload.request.ProductCreationRequest
[[1;31mERROR[m] /home/lovanky/Projects/mobileshop/server/src/main/java/com/tuyenshop/service/ProductService.java:[110,33] cannot find symbol
[[1;31mERROR[m]   symbol:   method getPrice()
[[1;31mERROR[m]   location: variable request of type com.tuyenshop.payload.request.ProductCreationRequest
[[1;31mERROR[m] /home/lovanky/Projects/mobileshop/server/src/main/java/com/tuyenshop/service/ProductService.java:[111,16] cannot find symbol
[[1;31mERROR[m]   symbol:   method setSalePrice(request.ge[...]ice())
[[1;31mERROR[m]   location: variable product of type com.tuyenshop.model.Product
[[1;31mERROR[m] /home/lovanky/Projects/mobileshop/server/src/main/java/com/tuyenshop/service/ProductService.java:[111,37] cannot find symbol
[[1;31mERROR[m]   symbol:   method getSalePrice()
[[1;31mERROR[m]   location: variable request of type com.tuyenshop.payload.request.ProductCreationRequest
[[1;31mERROR[m] /home/lovanky/Projects/mobileshop/server/src/main/java/com/tuyenshop/service/ProductService.java:[111,70] cannot find symbol
[[1;31mERROR[m]   symbol:   method getSalePrice()
[[1;31mERROR[m]   location: variable request of type com.tuyenshop.payload.request.ProductCreationRequest
[[1;31mERROR[m] /home/lovanky/Projects/mobileshop/server/src/main/java/com/tuyenshop/service/ProductService.java:[111,95] cannot find symbol
[[1;31mERROR[m]   symbol:   method getPrice()
[[1;31mERROR[m]   location: variable request of type com.tuyenshop.payload.request.ProductCreationRequest
[[1;31mERROR[m] /home/lovanky/Projects/mobileshop/server/src/main/java/com/tuyenshop/service/ProductService.java:[112,39] cannot find symbol
[[1;31mERROR[m]   symbol:   method getDescription()
[[1;31mERROR[m]   location: variable request of type com.tuyenshop.payload.request.ProductCreationRequest
[[1;31mERROR[m] -> [1m[Help 1][m
[[1;31mERROR[m] 
[[1;31mERROR[m] To see the full stack trace of the errors, re-run Maven with the [1m-e[m switch.
[[1;31mERROR[m] Re-run Maven using the [1m-X[m switch to enable full debug logging.
[[1;31mERROR[m] 
[[1;31mERROR[m] For more information about the errors and possible solutions, please read the following articles:
[[1;31mERROR[m] [1m[Help 1][m http://cwiki.apache.org/confluence/display/MAVEN/MojoFailureException
